[0m19:53:06.707063 [debug] [MainThread]: Sending event: {'category': 'dbt', 'action': 'invocation', 'label': 'start', 'context': [<snowplow_tracker.self_describing_json.SelfDescribingJson object at 0x000001E0815E27D0>, <snowplow_tracker.self_describing_json.SelfDescribingJson object at 0x000001E0815E3DD0>, <snowplow_tracker.self_describing_json.SelfDescribingJson object at 0x000001E0815E3AD0>]}


============================== 19:53:06.718691 | 460969ab-8fa2-456c-9e15-65b6f5be19a6 ==============================
[0m19:53:06.718691 [info ] [MainThread]: Running with dbt=1.9.3
[0m19:53:06.720704 [debug] [MainThread]: running dbt with arguments {'printer_width': '80', 'indirect_selection': 'eager', 'write_json': 'True', 'log_cache_events': 'False', 'partial_parse': 'True', 'cache_selected_only': 'False', 'warn_error': 'None', 'debug': 'False', 'profiles_dir': 'C:\\Users\\andry\\OneDrive\\Desktop\\Projects\\IMDb\\apache-airflow-dev-server\\dags\\dbt', 'log_path': 'C:\\Users\\andry\\OneDrive\\Desktop\\Projects\\IMDb\\apache-airflow-dev-server\\dags\\dbt\\logs', 'fail_fast': 'False', 'version_check': 'True', 'use_colors': 'True', 'use_experimental_parser': 'False', 'no_print': 'None', 'quiet': 'False', 'empty': 'None', 'warn_error_options': 'WarnErrorOptions(include=[], exclude=[])', 'static_parser': 'True', 'log_format': 'default', 'invocation_command': 'dbt parse', 'target_path': 'None', 'introspect': 'True', 'send_anonymous_usage_stats': 'True'}
[0m19:53:07.221734 [debug] [MainThread]: Sending event: {'category': 'dbt', 'action': 'project_id', 'label': '460969ab-8fa2-456c-9e15-65b6f5be19a6', 'context': [<snowplow_tracker.self_describing_json.SelfDescribingJson object at 0x000001E081641B50>]}
[0m19:53:07.430836 [debug] [MainThread]: Sending event: {'category': 'dbt', 'action': 'adapter_info', 'label': '460969ab-8fa2-456c-9e15-65b6f5be19a6', 'context': [<snowplow_tracker.self_describing_json.SelfDescribingJson object at 0x000001E0FD1D4ED0>]}
[0m19:53:07.439429 [info ] [MainThread]: Registered adapter: postgres=1.9.0
[0m19:53:08.305259 [error] [MainThread]: Encountered an error:
Compilation Error
  dbt found more than one package with the name "dbt_utils" included in this project. Package names must be unique in a project. Please rename one of these packages.
[0m19:53:08.307853 [debug] [MainThread]: Command `dbt parse` failed at 19:53:08.307853 after 1.74 seconds
[0m19:53:08.309361 [debug] [MainThread]: Sending event: {'category': 'dbt', 'action': 'invocation', 'label': 'end', 'context': [<snowplow_tracker.self_describing_json.SelfDescribingJson object at 0x000001E08042E2D0>, <snowplow_tracker.self_describing_json.SelfDescribingJson object at 0x000001E08161A950>, <snowplow_tracker.self_describing_json.SelfDescribingJson object at 0x000001E0F9D8B710>]}
[0m19:53:08.309361 [debug] [MainThread]: Flushing usage events
[0m19:53:09.885140 [debug] [MainThread]: An error was encountered while trying to flush usage events
[0m20:11:26.662316 [debug] [MainThread]: Sending event: {'category': 'dbt', 'action': 'invocation', 'label': 'start', 'context': [<snowplow_tracker.self_describing_json.SelfDescribingJson object at 0x000001C688162350>, <snowplow_tracker.self_describing_json.SelfDescribingJson object at 0x000001C6881628D0>, <snowplow_tracker.self_describing_json.SelfDescribingJson object at 0x000001C688163A10>]}


============================== 20:11:26.677021 | be14e92e-e333-457b-9d52-88adde3fcb9b ==============================
[0m20:11:26.677021 [info ] [MainThread]: Running with dbt=1.9.3
[0m20:11:26.678922 [debug] [MainThread]: running dbt with arguments {'printer_width': '80', 'indirect_selection': 'eager', 'write_json': 'True', 'log_cache_events': 'False', 'partial_parse': 'True', 'cache_selected_only': 'False', 'profiles_dir': 'C:\\Users\\andry\\OneDrive\\Desktop\\Projects\\IMDb\\apache-airflow-dev-server\\dags\\dbt', 'debug': 'False', 'version_check': 'True', 'log_path': 'C:\\Users\\andry\\OneDrive\\Desktop\\Projects\\IMDb\\apache-airflow-dev-server\\dags\\dbt\\logs', 'fail_fast': 'False', 'warn_error': 'None', 'use_colors': 'True', 'use_experimental_parser': 'False', 'no_print': 'None', 'quiet': 'False', 'empty': 'None', 'warn_error_options': 'WarnErrorOptions(include=[], exclude=[])', 'invocation_command': 'dbt parse', 'introspect': 'True', 'static_parser': 'True', 'target_path': 'None', 'log_format': 'default', 'send_anonymous_usage_stats': 'True'}
[0m20:11:27.084733 [debug] [MainThread]: Sending event: {'category': 'dbt', 'action': 'project_id', 'label': 'be14e92e-e333-457b-9d52-88adde3fcb9b', 'context': [<snowplow_tracker.self_describing_json.SelfDescribingJson object at 0x000001C688377FD0>]}
[0m20:11:27.180391 [debug] [MainThread]: Sending event: {'category': 'dbt', 'action': 'adapter_info', 'label': 'be14e92e-e333-457b-9d52-88adde3fcb9b', 'context': [<snowplow_tracker.self_describing_json.SelfDescribingJson object at 0x000001C683D64E90>]}
[0m20:11:27.185927 [info ] [MainThread]: Registered adapter: postgres=1.9.0
[0m20:11:27.718017 [error] [MainThread]: Encountered an error:
Compilation Error
  dbt found more than one package with the name "dbt_utils" included in this project. Package names must be unique in a project. Please rename one of these packages.
[0m20:11:27.718017 [debug] [MainThread]: Command `dbt parse` failed at 20:11:27.718017 after 1.28 seconds
[0m20:11:27.722853 [debug] [MainThread]: Sending event: {'category': 'dbt', 'action': 'invocation', 'label': 'end', 'context': [<snowplow_tracker.self_describing_json.SelfDescribingJson object at 0x000001C6881A8950>, <snowplow_tracker.self_describing_json.SelfDescribingJson object at 0x000001C688157710>, <snowplow_tracker.self_describing_json.SelfDescribingJson object at 0x000001C6881B7AD0>]}
[0m20:11:27.722853 [debug] [MainThread]: Flushing usage events
[0m20:11:29.014073 [debug] [MainThread]: An error was encountered while trying to flush usage events
[0m20:14:30.369662 [debug] [MainThread]: Sending event: {'category': 'dbt', 'action': 'invocation', 'label': 'start', 'context': [<snowplow_tracker.self_describing_json.SelfDescribingJson object at 0x000001D2E4772A90>, <snowplow_tracker.self_describing_json.SelfDescribingJson object at 0x000001D2E4772390>, <snowplow_tracker.self_describing_json.SelfDescribingJson object at 0x000001D2E4772950>]}


============================== 20:14:30.377277 | 8c99ee08-7dca-459a-9b60-48d1a5f48a87 ==============================
[0m20:14:30.377277 [info ] [MainThread]: Running with dbt=1.9.3
[0m20:14:30.378379 [debug] [MainThread]: running dbt with arguments {'printer_width': '80', 'indirect_selection': 'eager', 'log_cache_events': 'False', 'write_json': 'True', 'partial_parse': 'True', 'cache_selected_only': 'False', 'warn_error': 'None', 'debug': 'False', 'fail_fast': 'False', 'log_path': 'C:\\Users\\andry\\OneDrive\\Desktop\\Projects\\IMDb\\apache-airflow-dev-server\\dags\\dbt\\logs', 'version_check': 'True', 'profiles_dir': 'C:\\Users\\andry\\OneDrive\\Desktop\\Projects\\IMDb\\apache-airflow-dev-server\\dags\\dbt', 'use_colors': 'True', 'use_experimental_parser': 'False', 'no_print': 'None', 'quiet': 'False', 'empty': 'None', 'warn_error_options': 'WarnErrorOptions(include=[], exclude=[])', 'invocation_command': 'dbt parse', 'log_format': 'default', 'static_parser': 'True', 'target_path': 'None', 'introspect': 'True', 'send_anonymous_usage_stats': 'True'}
[0m20:14:30.722506 [debug] [MainThread]: Sending event: {'category': 'dbt', 'action': 'project_id', 'label': '8c99ee08-7dca-459a-9b60-48d1a5f48a87', 'context': [<snowplow_tracker.self_describing_json.SelfDescribingJson object at 0x000001D2E4984F90>]}
[0m20:14:30.824743 [debug] [MainThread]: Sending event: {'category': 'dbt', 'action': 'adapter_info', 'label': '8c99ee08-7dca-459a-9b60-48d1a5f48a87', 'context': [<snowplow_tracker.self_describing_json.SelfDescribingJson object at 0x000001D2E0364110>]}
[0m20:14:30.824743 [info ] [MainThread]: Registered adapter: postgres=1.9.0
[0m20:14:31.574580 [debug] [MainThread]: checksum: 5671c00892cdbcef29c3b00cc5ba7510c3d18a35c883caeb9ab9ee266dc29c8f, vars: {}, profile: , target: , version: 1.9.3
[0m20:14:31.575624 [info ] [MainThread]: Unable to do partial parsing because saved manifest not found. Starting full parse.
[0m20:14:31.575624 [debug] [MainThread]: Sending event: {'category': 'dbt', 'action': 'partial_parser', 'label': '8c99ee08-7dca-459a-9b60-48d1a5f48a87', 'context': [<snowplow_tracker.self_describing_json.SelfDescribingJson object at 0x000001D2E4B2A1D0>]}
[0m20:14:35.872962 [debug] [MainThread]: Sending event: {'category': 'dbt', 'action': 'load_project', 'label': '8c99ee08-7dca-459a-9b60-48d1a5f48a87', 'context': [<snowplow_tracker.self_describing_json.SelfDescribingJson object at 0x000001D2E4FB7810>]}
[0m20:14:35.874969 [info ] [MainThread]: Performance info: C:\Users\andry\OneDrive\Desktop\Projects\IMDb\apache-airflow-dev-server\dags\dbt\target\perf_info.json
[0m20:14:36.069756 [debug] [MainThread]: Wrote artifact WritableManifest to C:\Users\andry\OneDrive\Desktop\Projects\IMDb\apache-airflow-dev-server\dags\dbt\target\manifest.json
[0m20:14:36.114032 [debug] [MainThread]: Wrote artifact SemanticManifest to C:\Users\andry\OneDrive\Desktop\Projects\IMDb\apache-airflow-dev-server\dags\dbt\target\semantic_manifest.json
[0m20:14:36.119033 [debug] [MainThread]: Command `dbt parse` succeeded at 20:14:36.119033 after 5.89 seconds
[0m20:14:36.120031 [debug] [MainThread]: Sending event: {'category': 'dbt', 'action': 'invocation', 'label': 'end', 'context': [<snowplow_tracker.self_describing_json.SelfDescribingJson object at 0x000001D2E47E9450>, <snowplow_tracker.self_describing_json.SelfDescribingJson object at 0x000001D2E47EB9D0>, <snowplow_tracker.self_describing_json.SelfDescribingJson object at 0x000001D2E35C1F50>]}
[0m20:14:36.121035 [debug] [MainThread]: Flushing usage events
[0m20:14:37.709427 [debug] [MainThread]: An error was encountered while trying to flush usage events
[0m20:15:43.154933 [debug] [MainThread]: Sending event: {'category': 'dbt', 'action': 'invocation', 'label': 'start', 'context': [<snowplow_tracker.self_describing_json.SelfDescribingJson object at 0x000001308EC23DD0>, <snowplow_tracker.self_describing_json.SelfDescribingJson object at 0x000001308DA6A0D0>, <snowplow_tracker.self_describing_json.SelfDescribingJson object at 0x000001308EC23450>]}


============================== 20:15:43.157986 | d2cacc93-7842-4104-83e2-ce6a8b03f3f3 ==============================
[0m20:15:43.157986 [info ] [MainThread]: Running with dbt=1.9.3
[0m20:15:43.157986 [debug] [MainThread]: running dbt with arguments {'printer_width': '80', 'indirect_selection': 'eager', 'write_json': 'True', 'log_cache_events': 'False', 'partial_parse': 'True', 'cache_selected_only': 'False', 'profiles_dir': 'C:\\Users\\andry\\OneDrive\\Desktop\\Projects\\IMDb\\apache-airflow-dev-server\\dags\\dbt', 'fail_fast': 'False', 'debug': 'False', 'log_path': 'C:\\Users\\andry\\OneDrive\\Desktop\\Projects\\IMDb\\apache-airflow-dev-server\\dags\\dbt\\logs', 'warn_error': 'None', 'version_check': 'True', 'use_colors': 'True', 'use_experimental_parser': 'False', 'no_print': 'None', 'quiet': 'False', 'empty': 'None', 'log_format': 'default', 'invocation_command': 'dbt deps', 'introspect': 'True', 'warn_error_options': 'WarnErrorOptions(include=[], exclude=[])', 'target_path': 'None', 'static_parser': 'True', 'send_anonymous_usage_stats': 'True'}
[0m20:15:43.405357 [debug] [MainThread]: Sending event: {'category': 'dbt', 'action': 'project_id', 'label': 'd2cacc93-7842-4104-83e2-ce6a8b03f3f3', 'context': [<snowplow_tracker.self_describing_json.SelfDescribingJson object at 0x000001308ED5B090>]}
[0m20:15:43.499359 [debug] [MainThread]: Set downloads directory='C:\Users\andry\AppData\Local\Temp\dbt-downloads-lt8yx02e'
[0m20:15:43.501887 [debug] [MainThread]: Making package index registry request: GET https://hub.getdbt.com/api/v1/index.json
[0m20:15:44.317410 [debug] [MainThread]: Response from registry index: GET https://hub.getdbt.com/api/v1/index.json 200
[0m20:15:44.322513 [debug] [MainThread]: Making package registry request: GET https://hub.getdbt.com/api/v1/dbt-labs/dbt_utils.json
[0m20:15:45.040067 [debug] [MainThread]: Response from registry: GET https://hub.getdbt.com/api/v1/dbt-labs/dbt_utils.json 200
[0m20:15:45.043066 [info ] [MainThread]: Installing dbt-labs/dbt_utils
[0m20:15:46.430947 [info ] [MainThread]: Installed from version 1.3.0
[0m20:15:46.436499 [info ] [MainThread]: Up to date!
[0m20:15:46.442529 [debug] [MainThread]: Sending event: {'category': 'dbt', 'action': 'package', 'label': 'd2cacc93-7842-4104-83e2-ce6a8b03f3f3', 'property_': 'install', 'context': [<snowplow_tracker.self_describing_json.SelfDescribingJson object at 0x000001308ED58890>, <snowplow_tracker.self_describing_json.SelfDescribingJson object at 0x000001308CECAE50>]}
[0m20:15:46.450516 [debug] [MainThread]: Command `dbt deps` succeeded at 20:15:46.450516 after 3.41 seconds
[0m20:15:46.452419 [debug] [MainThread]: Sending event: {'category': 'dbt', 'action': 'invocation', 'label': 'end', 'context': [<snowplow_tracker.self_describing_json.SelfDescribingJson object at 0x000001308DA69E90>, <snowplow_tracker.self_describing_json.SelfDescribingJson object at 0x00000130873F4710>, <snowplow_tracker.self_describing_json.SelfDescribingJson object at 0x000001308733E150>]}
[0m20:15:46.453655 [debug] [MainThread]: Flushing usage events
[0m20:15:47.916199 [debug] [MainThread]: An error was encountered while trying to flush usage events
[0m20:15:52.734463 [debug] [MainThread]: Sending event: {'category': 'dbt', 'action': 'invocation', 'label': 'start', 'context': [<snowplow_tracker.self_describing_json.SelfDescribingJson object at 0x0000016721D62350>, <snowplow_tracker.self_describing_json.SelfDescribingJson object at 0x0000016721D60510>, <snowplow_tracker.self_describing_json.SelfDescribingJson object at 0x0000016721D63E10>]}


============================== 20:15:52.740065 | 7645c0d0-1f58-4df6-bef1-39c08fee18b2 ==============================
[0m20:15:52.740065 [info ] [MainThread]: Running with dbt=1.9.3
[0m20:15:52.740065 [debug] [MainThread]: running dbt with arguments {'printer_width': '80', 'indirect_selection': 'eager', 'write_json': 'True', 'log_cache_events': 'False', 'partial_parse': 'True', 'cache_selected_only': 'False', 'warn_error': 'None', 'version_check': 'True', 'fail_fast': 'False', 'log_path': 'C:\\Users\\andry\\OneDrive\\Desktop\\Projects\\IMDb\\apache-airflow-dev-server\\dags\\dbt\\logs', 'debug': 'False', 'profiles_dir': 'C:\\Users\\andry\\OneDrive\\Desktop\\Projects\\IMDb\\apache-airflow-dev-server\\dags\\dbt', 'use_colors': 'True', 'use_experimental_parser': 'False', 'no_print': 'None', 'quiet': 'False', 'empty': 'None', 'warn_error_options': 'WarnErrorOptions(include=[], exclude=[])', 'invocation_command': 'dbt parse', 'static_parser': 'True', 'introspect': 'True', 'target_path': 'None', 'log_format': 'default', 'send_anonymous_usage_stats': 'True'}
[0m20:15:53.085922 [debug] [MainThread]: Sending event: {'category': 'dbt', 'action': 'project_id', 'label': '7645c0d0-1f58-4df6-bef1-39c08fee18b2', 'context': [<snowplow_tracker.self_describing_json.SelfDescribingJson object at 0x0000016721ED4D50>]}
[0m20:15:53.167548 [debug] [MainThread]: Sending event: {'category': 'dbt', 'action': 'adapter_info', 'label': '7645c0d0-1f58-4df6-bef1-39c08fee18b2', 'context': [<snowplow_tracker.self_describing_json.SelfDescribingJson object at 0x000001671D9D5490>]}
[0m20:15:53.167548 [info ] [MainThread]: Registered adapter: postgres=1.9.0
[0m20:15:53.687343 [debug] [MainThread]: checksum: 5671c00892cdbcef29c3b00cc5ba7510c3d18a35c883caeb9ab9ee266dc29c8f, vars: {}, profile: , target: , version: 1.9.3
[0m20:15:54.626241 [debug] [MainThread]: Partial parsing enabled: 0 files deleted, 0 files added, 0 files changed.
[0m20:15:54.634571 [debug] [MainThread]: Partial parsing enabled, no changes found, skipping parsing
[0m20:15:54.705263 [debug] [MainThread]: Sending event: {'category': 'dbt', 'action': 'load_project', 'label': '7645c0d0-1f58-4df6-bef1-39c08fee18b2', 'context': [<snowplow_tracker.self_describing_json.SelfDescribingJson object at 0x0000016721DF1950>]}
[0m20:15:54.719818 [info ] [MainThread]: Performance info: C:\Users\andry\OneDrive\Desktop\Projects\IMDb\apache-airflow-dev-server\dags\dbt\target\perf_info.json
[0m20:15:54.899355 [debug] [MainThread]: Wrote artifact WritableManifest to C:\Users\andry\OneDrive\Desktop\Projects\IMDb\apache-airflow-dev-server\dags\dbt\target\manifest.json
[0m20:15:54.915739 [debug] [MainThread]: Wrote artifact SemanticManifest to C:\Users\andry\OneDrive\Desktop\Projects\IMDb\apache-airflow-dev-server\dags\dbt\target\semantic_manifest.json
[0m20:15:54.919481 [debug] [MainThread]: Command `dbt parse` succeeded at 20:15:54.919481 after 2.31 seconds
[0m20:15:54.921599 [debug] [MainThread]: Sending event: {'category': 'dbt', 'action': 'invocation', 'label': 'end', 'context': [<snowplow_tracker.self_describing_json.SelfDescribingJson object at 0x0000016721D96A50>, <snowplow_tracker.self_describing_json.SelfDescribingJson object at 0x000001671A52E150>, <snowplow_tracker.self_describing_json.SelfDescribingJson object at 0x000001671A5E4710>]}
[0m20:15:54.921599 [debug] [MainThread]: Flushing usage events
[0m20:15:56.126062 [debug] [MainThread]: An error was encountered while trying to flush usage events
